{
  "stats": {
    "suites": 1,
    "tests": 6,
    "passes": 6,
    "pending": 0,
    "failures": 0,
    "start": "2025-02-11T16:05:45.023Z",
    "end": "2025-02-11T16:05:57.387Z",
    "duration": 12364,
    "testsRegistered": 6,
    "passPercent": 100,
    "pendingPercent": 0,
    "other": 0,
    "hasOther": false,
    "skipped": 0,
    "hasSkipped": false
  },
  "results": [
    {
      "uuid": "377c55ed-18b8-44c3-9664-abaff7defd24",
      "title": "",
      "fullFile": "cypress\\e2e\\cadastro_produtos_spec.cy.js",
      "file": "cypress\\e2e\\cadastro_produtos_spec.cy.js",
      "beforeHooks": [],
      "afterHooks": [],
      "tests": [],
      "suites": [
        {
          "uuid": "6dfe6025-9a06-407c-9f4c-1a8d86e167f8",
          "title": "Formulário de Cadastro de Produtos",
          "fullFile": "",
          "file": "",
          "beforeHooks": [],
          "afterHooks": [],
          "tests": [
            {
              "title": "Deve exibir erro se o nome do produto for inválido",
              "fullTitle": "Formulário de Cadastro de Produtos Deve exibir erro se o nome do produto for inválido",
              "timedOut": null,
              "duration": 1392,
              "state": "passed",
              "speed": "fast",
              "pass": true,
              "fail": false,
              "pending": false,
              "context": null,
              "code": "// Tenta cadastrar um produto com nome inválido\ncy.get('#nome').type('A');\ncy.get('#codigo').type('12345');\ncy.get('#categoria').select('Eletrônicos');\ncy.get('#preco').type('10.00');\ncy.get('#quantidade').type('10');\ncy.get('button[type=\"submit\"]').click();\n// Validação da mensagem de erro\ncy.get('#errorNome').should('contain', 'O nome deve ter entre 3 e 100 caracteres.');",
              "err": {},
              "uuid": "68712861-d4bb-48e5-9f27-a989fcc65a88",
              "parentUUID": "6dfe6025-9a06-407c-9f4c-1a8d86e167f8",
              "isHook": false,
              "skipped": false
            },
            {
              "title": "Deve exibir erro se o código do produto for inválido",
              "fullTitle": "Formulário de Cadastro de Produtos Deve exibir erro se o código do produto for inválido",
              "timedOut": null,
              "duration": 1281,
              "state": "passed",
              "speed": "fast",
              "pass": true,
              "fail": false,
              "pending": false,
              "context": null,
              "code": "// Tenta cadastrar um produto com código inválido\ncy.get('#nome').type('Produto Teste');\ncy.get('#codigo').type('1234'); // Código inválido (menos de 5 dígitos)\ncy.get('#categoria').select('Eletrônicos');\ncy.get('#preco').type('10.00');\ncy.get('#quantidade').type('10');\ncy.get('button[type=\"submit\"]').click();\n// Validação da mensagem de erro\ncy.get('#errorCodigo').should('contain', 'O código deve ter entre 5 e 10 dígitos numéricos.');",
              "err": {},
              "uuid": "66e9777c-555e-42d1-94bf-41607fa85d14",
              "parentUUID": "6dfe6025-9a06-407c-9f4c-1a8d86e167f8",
              "isHook": false,
              "skipped": false
            },
            {
              "title": "Deve exibir erro se o preço for menor ou igual a 0",
              "fullTitle": "Formulário de Cadastro de Produtos Deve exibir erro se o preço for menor ou igual a 0",
              "timedOut": null,
              "duration": 1274,
              "state": "passed",
              "speed": "fast",
              "pass": true,
              "fail": false,
              "pending": false,
              "context": null,
              "code": "// Tenta cadastrar um produto com preço inválido\ncy.get('#nome').type('Produto Teste');\ncy.get('#codigo').type('12345');\ncy.get('#categoria').select('Eletrônicos');\ncy.get('#preco').type('0'); // Preço inválido (menor ou igual a 0)\ncy.get('#quantidade').type('10');\ncy.get('button[type=\"submit\"]').click();\n// Validação da mensagem de erro\ncy.get('#errorPreco').should('contain', 'O preço deve ser maior que 0.');",
              "err": {},
              "uuid": "de5a8b12-46f6-461a-8cf2-adc00e51ca8b",
              "parentUUID": "6dfe6025-9a06-407c-9f4c-1a8d86e167f8",
              "isHook": false,
              "skipped": false
            },
            {
              "title": "Deve exibir erro se a quantidade for inválida",
              "fullTitle": "Formulário de Cadastro de Produtos Deve exibir erro se a quantidade for inválida",
              "timedOut": null,
              "duration": 1262,
              "state": "passed",
              "speed": "fast",
              "pass": true,
              "fail": false,
              "pending": false,
              "context": null,
              "code": "// Tenta cadastrar um produto com quantidade inválida\ncy.get('#nome').type('Produto Teste');\ncy.get('#codigo').type('12345');\ncy.get('#categoria').select('Eletrônicos');\ncy.get('#preco').type('10.00');\ncy.get('#quantidade').type('-1'); // Quantidade inválida (número negativo)\ncy.get('button[type=\"submit\"]').click();\n// Validação da mensagem de erro\ncy.get('#errorQuantidade').should('contain', 'A quantidade deve ser um número inteiro maior ou igual a 0.');",
              "err": {},
              "uuid": "d21919f1-e1ab-4d6c-af64-9dc063818cd8",
              "parentUUID": "6dfe6025-9a06-407c-9f4c-1a8d86e167f8",
              "isHook": false,
              "skipped": false
            },
            {
              "title": "Deve cadastrar um produto válido",
              "fullTitle": "Formulário de Cadastro de Produtos Deve cadastrar um produto válido",
              "timedOut": null,
              "duration": 1331,
              "state": "passed",
              "speed": "fast",
              "pass": true,
              "fail": false,
              "pending": false,
              "context": null,
              "code": "// Cadastra um produto válido\ncy.get('#nome').type('Produto Teste');\ncy.get('#codigo').type('12345');\ncy.get('#categoria').select('Eletrônicos');\ncy.get('#preco').type('10.00');\ncy.get('#quantidade').type('10');\ncy.get('button[type=\"submit\"]').click();\n// Valida se o produto foi adicionado à lista\ncy.get('#listaProdutos').should('contain', 'Produto Teste').and('contain', 'Eletrônicos').and('contain', 'R$10.00').and('contain', 'Quantidade: 10');",
              "err": {},
              "uuid": "84d4a24f-588c-4d14-9bf7-491c465576e1",
              "parentUUID": "6dfe6025-9a06-407c-9f4c-1a8d86e167f8",
              "isHook": false,
              "skipped": false
            },
            {
              "title": "Deve exibir erro se o código do produto já existir",
              "fullTitle": "Formulário de Cadastro de Produtos Deve exibir erro se o código do produto já existir",
              "timedOut": null,
              "duration": 2547,
              "state": "passed",
              "speed": "fast",
              "pass": true,
              "fail": false,
              "pending": false,
              "context": null,
              "code": "// Primeiro, cadastra um produto válido\ncy.get('#nome').type('Produto Teste');\ncy.get('#codigo').type('12345');\ncy.get('#categoria').select('Eletrônicos');\ncy.get('#preco').type('10.00');\ncy.get('#quantidade').type('10');\ncy.get('button[type=\"submit\"]').click();\n// Tenta cadastrar um produto com o mesmo código\ncy.get('#nome').type('Outro Produto');\ncy.get('#codigo').type('12345'); // Código já existente\ncy.get('#categoria').select('Alimentos');\ncy.get('#preco').type('15.00');\ncy.get('#quantidade').type('5');\ncy.get('button[type=\"submit\"]').click();\n// Valida se a mensagem de erro aparece\ncy.get('#errorCodigo').should('contain', 'O código do produto deve ser único.');",
              "err": {},
              "uuid": "536793c5-f0bc-4da3-8c8e-6ff1d40abf8f",
              "parentUUID": "6dfe6025-9a06-407c-9f4c-1a8d86e167f8",
              "isHook": false,
              "skipped": false
            }
          ],
          "suites": [],
          "passes": [
            "68712861-d4bb-48e5-9f27-a989fcc65a88",
            "66e9777c-555e-42d1-94bf-41607fa85d14",
            "de5a8b12-46f6-461a-8cf2-adc00e51ca8b",
            "d21919f1-e1ab-4d6c-af64-9dc063818cd8",
            "84d4a24f-588c-4d14-9bf7-491c465576e1",
            "536793c5-f0bc-4da3-8c8e-6ff1d40abf8f"
          ],
          "failures": [],
          "pending": [],
          "skipped": [],
          "duration": 9087,
          "root": false,
          "rootEmpty": false,
          "_timeout": 2000
        }
      ],
      "passes": [],
      "failures": [],
      "pending": [],
      "skipped": [],
      "duration": 0,
      "root": true,
      "rootEmpty": true,
      "_timeout": 2000
    }
  ],
  "meta": {
    "mocha": {
      "version": "7.0.1"
    },
    "mochawesome": {
      "options": {
        "quiet": false,
        "reportFilename": "mochawesome",
        "saveHtml": false,
        "saveJson": true,
        "consoleReporter": "spec",
        "useInlineDiffs": false,
        "code": true
      },
      "version": "7.1.3"
    },
    "marge": {
      "options": {
        "reportDir": "cypress\\results\\.jsons",
        "overwrite": false,
        "html": false,
        "json": true
      },
      "version": "6.2.0"
    }
  }
}